<?xml version="1.0" encoding="UTF-8"?>
<!-- Generated by org.testng.reporters.JUnitXMLReporter -->
<testsuite ignored="0" hostname="LAPTOP-IT7JOLC2" failures="1" tests="8" name="SmokeTests" time="404.65" errors="0" timestamp="2025-09-18T03:01:26 IST">
  <testcase classname="com.myproject.tests.SignupRegistrationTest" name="tc_signup_and_register" time="45.288"/>
  <testcase classname="com.myproject.tests.SignupRegistrationTest" name="tc_signup_and_register" time="44.563"/>
  <testcase classname="com.myproject.tests.SignupRegistrationTest" name="tc_signup_and_register" time="44.552"/>
  <testcase classname="com.myproject.tests.SignupRegistrationTest" name="tc_signup_and_register" time="62.863">
    <failure type="java.lang.AssertionError" message="Registration submit did not detect success">
      <![CDATA[java.lang.AssertionError: Registration submit did not detect success
at com.myproject.tests.SignupRegistrationTest.tc_signup_and_register(SignupRegistrationTest.java:113)
at java.base/java.util.ArrayList.forEach(ArrayList.java:1596)
... Removed 26 stack frames]]>
    </failure>
  </testcase> <!-- tc_signup_and_register -->
  <testcase classname="com.myproject.tests.SignupRegistrationTest" name="tc_signup_and_register" time="44.231"/>
  <testcase classname="com.myproject.tests.SignupRegistrationTest" name="tc_signup_and_register" time="44.347"/>
  <testcase classname="com.myproject.tests.SignupRegistrationTest" name="tc_signup_and_register" time="44.231"/>
  <testcase classname="com.myproject.tests.SignupRegistrationTest" name="tc_signup_and_register" time="44.435"/>
</testsuite> <!-- SmokeTests -->
