<?xml version="1.0" encoding="UTF-8"?>
<testng-results ignored="0" total="8" passed="7" failed="1" skipped="0">
  <reporter-output>
  </reporter-output>
  <suite started-at="2025-09-18T02:54:41 IST" name="AutomationExercise Suite" finished-at="2025-09-18T03:01:25 IST" duration-ms="404650">
    <groups>
    </groups>
    <test started-at="2025-09-18T02:54:41 IST" name="SmokeTests" finished-at="2025-09-18T03:01:25 IST" duration-ms="404650">
      <class name="com.myproject.tests.SignupRegistrationTest">
        <test-method is-config="true" signature="setUp(java.lang.String)[pri:0, instance:com.myproject.tests.SignupRegistrationTest@64b0598]" started-at="2025-09-18T02:54:42 IST" name="setUp" finished-at="2025-09-18T02:54:46 IST" duration-ms="4746" status="PASS">
          <params>
            <param index="0">
              <value>
                <![CDATA[chrome]]>
              </value>
            </param>
          </params>
          <reporter-output>
          </reporter-output>
        </test-method> <!-- setUp -->
        <test-method signature="tc_signup_and_register([Ljava.lang.String;)[pri:0, instance:com.myproject.tests.SignupRegistrationTest@64b0598]" started-at="2025-09-18T02:54:46 IST" name="tc_signup_and_register" description="Signup -&gt; Registration; append only email+password into Sheet2 (generated copy)" data-provider="signupData" finished-at="2025-09-18T02:55:32 IST" duration-ms="45288" status="PASS">
          <params>
            <param index="0">
              <value>
                <![CDATA[[Ljava.lang.String;@544733a4]]>
              </value>
            </param>
          </params>
          <reporter-output>
          </reporter-output>
        </test-method> <!-- tc_signup_and_register -->
        <test-method is-config="true" signature="tearDown()[pri:0, instance:com.myproject.tests.SignupRegistrationTest@64b0598]" started-at="2025-09-18T02:55:32 IST" name="tearDown" finished-at="2025-09-18T02:55:32 IST" duration-ms="253" status="PASS">
          <reporter-output>
          </reporter-output>
        </test-method> <!-- tearDown -->
        <test-method is-config="true" signature="setUp(java.lang.String)[pri:0, instance:com.myproject.tests.SignupRegistrationTest@64b0598]" started-at="2025-09-18T02:55:32 IST" name="setUp" finished-at="2025-09-18T02:55:35 IST" duration-ms="3340" status="PASS">
          <params>
            <param index="0">
              <value>
                <![CDATA[chrome]]>
              </value>
            </param>
          </params>
          <reporter-output>
          </reporter-output>
        </test-method> <!-- setUp -->
        <test-method signature="tc_signup_and_register([Ljava.lang.String;)[pri:0, instance:com.myproject.tests.SignupRegistrationTest@64b0598]" started-at="2025-09-18T02:55:35 IST" name="tc_signup_and_register" description="Signup -&gt; Registration; append only email+password into Sheet2 (generated copy)" data-provider="signupData" finished-at="2025-09-18T02:56:20 IST" duration-ms="44563" status="PASS">
          <params>
            <param index="0">
              <value>
                <![CDATA[[Ljava.lang.String;@5afa0b1a]]>
              </value>
            </param>
          </params>
          <reporter-output>
          </reporter-output>
        </test-method> <!-- tc_signup_and_register -->
        <test-method is-config="true" signature="tearDown()[pri:0, instance:com.myproject.tests.SignupRegistrationTest@64b0598]" started-at="2025-09-18T02:56:20 IST" name="tearDown" finished-at="2025-09-18T02:56:20 IST" duration-ms="180" status="PASS">
          <reporter-output>
          </reporter-output>
        </test-method> <!-- tearDown -->
        <test-method is-config="true" signature="setUp(java.lang.String)[pri:0, instance:com.myproject.tests.SignupRegistrationTest@64b0598]" started-at="2025-09-18T02:56:20 IST" name="setUp" finished-at="2025-09-18T02:56:23 IST" duration-ms="3013" status="PASS">
          <params>
            <param index="0">
              <value>
                <![CDATA[chrome]]>
              </value>
            </param>
          </params>
          <reporter-output>
          </reporter-output>
        </test-method> <!-- setUp -->
        <test-method signature="tc_signup_and_register([Ljava.lang.String;)[pri:0, instance:com.myproject.tests.SignupRegistrationTest@64b0598]" started-at="2025-09-18T02:56:23 IST" name="tc_signup_and_register" description="Signup -&gt; Registration; append only email+password into Sheet2 (generated copy)" data-provider="signupData" finished-at="2025-09-18T02:57:08 IST" duration-ms="44552" status="PASS">
          <params>
            <param index="0">
              <value>
                <![CDATA[[Ljava.lang.String;@7359f3ac]]>
              </value>
            </param>
          </params>
          <reporter-output>
          </reporter-output>
        </test-method> <!-- tc_signup_and_register -->
        <test-method is-config="true" signature="tearDown()[pri:0, instance:com.myproject.tests.SignupRegistrationTest@64b0598]" started-at="2025-09-18T02:57:08 IST" name="tearDown" finished-at="2025-09-18T02:57:08 IST" duration-ms="250" status="PASS">
          <reporter-output>
          </reporter-output>
        </test-method> <!-- tearDown -->
        <test-method is-config="true" signature="setUp(java.lang.String)[pri:0, instance:com.myproject.tests.SignupRegistrationTest@64b0598]" started-at="2025-09-18T02:57:08 IST" name="setUp" finished-at="2025-09-18T02:57:11 IST" duration-ms="2678" status="PASS">
          <params>
            <param index="0">
              <value>
                <![CDATA[chrome]]>
              </value>
            </param>
          </params>
          <reporter-output>
          </reporter-output>
        </test-method> <!-- setUp -->
        <test-method signature="tc_signup_and_register([Ljava.lang.String;)[pri:0, instance:com.myproject.tests.SignupRegistrationTest@64b0598]" started-at="2025-09-18T02:57:11 IST" name="tc_signup_and_register" description="Signup -&gt; Registration; append only email+password into Sheet2 (generated copy)" data-provider="signupData" finished-at="2025-09-18T02:58:13 IST" duration-ms="62863" status="FAIL">
          <params>
            <param index="0">
              <value>
                <![CDATA[[Ljava.lang.String;@3d0f4ac4]]>
              </value>
            </param>
          </params>
          <exception class="java.lang.AssertionError">
            <message>
              <![CDATA[Registration submit did not detect success]]>
            </message>
            <full-stacktrace>
              <![CDATA[java.lang.AssertionError: Registration submit did not detect success
at org.testng.Assert.fail(Assert.java:111)
at com.myproject.tests.SignupRegistrationTest.tc_signup_and_register(SignupRegistrationTest.java:113)
at java.base/jdk.internal.reflect.DirectMethodHandleAccessor.invoke(DirectMethodHandleAccessor.java:103)
at java.base/java.lang.reflect.Method.invoke(Method.java:580)
at org.testng.internal.invokers.MethodInvocationHelper.invokeMethod(MethodInvocationHelper.java:139)
at org.testng.internal.invokers.TestInvoker.invokeMethod(TestInvoker.java:664)
at org.testng.internal.invokers.TestInvoker.invokeTestMethod(TestInvoker.java:227)
at org.testng.internal.invokers.MethodRunner.runInSequence(MethodRunner.java:50)
at org.testng.internal.invokers.TestInvoker$MethodInvocationAgent.invoke(TestInvoker.java:957)
at org.testng.internal.invokers.TestInvoker.invokeTestMethods(TestInvoker.java:200)
at org.testng.internal.invokers.TestMethodWorker.invokeTestMethods(TestMethodWorker.java:148)
at org.testng.internal.invokers.TestMethodWorker.run(TestMethodWorker.java:128)
at java.base/java.util.ArrayList.forEach(ArrayList.java:1596)
at org.testng.TestRunner.privateRun(TestRunner.java:848)
at org.testng.TestRunner.run(TestRunner.java:621)
at org.testng.SuiteRunner.runTest(SuiteRunner.java:443)
at org.testng.SuiteRunner.runSequentially(SuiteRunner.java:437)
at org.testng.SuiteRunner.privateRun(SuiteRunner.java:397)
at org.testng.SuiteRunner.run(SuiteRunner.java:336)
at org.testng.SuiteRunnerWorker.runSuite(SuiteRunnerWorker.java:52)
at org.testng.SuiteRunnerWorker.run(SuiteRunnerWorker.java:95)
at org.testng.TestNG.runSuitesSequentially(TestNG.java:1280)
at org.testng.TestNG.runSuitesLocally(TestNG.java:1200)
at org.testng.TestNG.runSuites(TestNG.java:1114)
at org.testng.TestNG.run(TestNG.java:1082)
at org.testng.remote.AbstractRemoteTestNG.run(AbstractRemoteTestNG.java:115)
at org.testng.remote.RemoteTestNG.initAndRun(RemoteTestNG.java:293)
at org.testng.remote.RemoteTestNG.main(RemoteTestNG.java:91)
]]>
            </full-stacktrace>
          </exception> <!-- java.lang.AssertionError -->
          <reporter-output>
          </reporter-output>
        </test-method> <!-- tc_signup_and_register -->
        <test-method is-config="true" signature="tearDown()[pri:0, instance:com.myproject.tests.SignupRegistrationTest@64b0598]" started-at="2025-09-18T02:58:14 IST" name="tearDown" finished-at="2025-09-18T02:58:14 IST" duration-ms="244" status="PASS">
          <reporter-output>
          </reporter-output>
        </test-method> <!-- tearDown -->
        <test-method is-config="true" signature="setUp(java.lang.String)[pri:0, instance:com.myproject.tests.SignupRegistrationTest@64b0598]" started-at="2025-09-18T02:58:14 IST" name="setUp" finished-at="2025-09-18T02:58:18 IST" duration-ms="4274" status="PASS">
          <params>
            <param index="0">
              <value>
                <![CDATA[chrome]]>
              </value>
            </param>
          </params>
          <reporter-output>
          </reporter-output>
        </test-method> <!-- setUp -->
        <test-method signature="tc_signup_and_register([Ljava.lang.String;)[pri:0, instance:com.myproject.tests.SignupRegistrationTest@64b0598]" started-at="2025-09-18T02:58:18 IST" name="tc_signup_and_register" description="Signup -&gt; Registration; append only email+password into Sheet2 (generated copy)" data-provider="signupData" finished-at="2025-09-18T02:59:02 IST" duration-ms="44231" status="PASS">
          <params>
            <param index="0">
              <value>
                <![CDATA[[Ljava.lang.String;@522f74a1]]>
              </value>
            </param>
          </params>
          <reporter-output>
          </reporter-output>
        </test-method> <!-- tc_signup_and_register -->
        <test-method is-config="true" signature="tearDown()[pri:0, instance:com.myproject.tests.SignupRegistrationTest@64b0598]" started-at="2025-09-18T02:59:02 IST" name="tearDown" finished-at="2025-09-18T02:59:03 IST" duration-ms="250" status="PASS">
          <reporter-output>
          </reporter-output>
        </test-method> <!-- tearDown -->
        <test-method is-config="true" signature="setUp(java.lang.String)[pri:0, instance:com.myproject.tests.SignupRegistrationTest@64b0598]" started-at="2025-09-18T02:59:03 IST" name="setUp" finished-at="2025-09-18T02:59:05 IST" duration-ms="2629" status="PASS">
          <params>
            <param index="0">
              <value>
                <![CDATA[chrome]]>
              </value>
            </param>
          </params>
          <reporter-output>
          </reporter-output>
        </test-method> <!-- setUp -->
        <test-method signature="tc_signup_and_register([Ljava.lang.String;)[pri:0, instance:com.myproject.tests.SignupRegistrationTest@64b0598]" started-at="2025-09-18T02:59:05 IST" name="tc_signup_and_register" description="Signup -&gt; Registration; append only email+password into Sheet2 (generated copy)" data-provider="signupData" finished-at="2025-09-18T02:59:50 IST" duration-ms="44347" status="PASS">
          <params>
            <param index="0">
              <value>
                <![CDATA[[Ljava.lang.String;@1e6e29d6]]>
              </value>
            </param>
          </params>
          <reporter-output>
          </reporter-output>
        </test-method> <!-- tc_signup_and_register -->
        <test-method is-config="true" signature="tearDown()[pri:0, instance:com.myproject.tests.SignupRegistrationTest@64b0598]" started-at="2025-09-18T02:59:50 IST" name="tearDown" finished-at="2025-09-18T02:59:50 IST" duration-ms="246" status="PASS">
          <reporter-output>
          </reporter-output>
        </test-method> <!-- tearDown -->
        <test-method is-config="true" signature="setUp(java.lang.String)[pri:0, instance:com.myproject.tests.SignupRegistrationTest@64b0598]" started-at="2025-09-18T02:59:50 IST" name="setUp" finished-at="2025-09-18T02:59:53 IST" duration-ms="3362" status="PASS">
          <params>
            <param index="0">
              <value>
                <![CDATA[chrome]]>
              </value>
            </param>
          </params>
          <reporter-output>
          </reporter-output>
        </test-method> <!-- setUp -->
        <test-method signature="tc_signup_and_register([Ljava.lang.String;)[pri:0, instance:com.myproject.tests.SignupRegistrationTest@64b0598]" started-at="2025-09-18T02:59:53 IST" name="tc_signup_and_register" description="Signup -&gt; Registration; append only email+password into Sheet2 (generated copy)" data-provider="signupData" finished-at="2025-09-18T03:00:37 IST" duration-ms="44231" status="PASS">
          <params>
            <param index="0">
              <value>
                <![CDATA[[Ljava.lang.String;@59700156]]>
              </value>
            </param>
          </params>
          <reporter-output>
          </reporter-output>
        </test-method> <!-- tc_signup_and_register -->
        <test-method is-config="true" signature="tearDown()[pri:0, instance:com.myproject.tests.SignupRegistrationTest@64b0598]" started-at="2025-09-18T03:00:37 IST" name="tearDown" finished-at="2025-09-18T03:00:38 IST" duration-ms="218" status="PASS">
          <reporter-output>
          </reporter-output>
        </test-method> <!-- tearDown -->
        <test-method is-config="true" signature="setUp(java.lang.String)[pri:0, instance:com.myproject.tests.SignupRegistrationTest@64b0598]" started-at="2025-09-18T03:00:38 IST" name="setUp" finished-at="2025-09-18T03:00:41 IST" duration-ms="3152" status="PASS">
          <params>
            <param index="0">
              <value>
                <![CDATA[chrome]]>
              </value>
            </param>
          </params>
          <reporter-output>
          </reporter-output>
        </test-method> <!-- setUp -->
        <test-method signature="tc_signup_and_register([Ljava.lang.String;)[pri:0, instance:com.myproject.tests.SignupRegistrationTest@64b0598]" started-at="2025-09-18T03:00:41 IST" name="tc_signup_and_register" description="Signup -&gt; Registration; append only email+password into Sheet2 (generated copy)" data-provider="signupData" finished-at="2025-09-18T03:01:25 IST" duration-ms="44435" status="PASS">
          <params>
            <param index="0">
              <value>
                <![CDATA[[Ljava.lang.String;@3d9cba2]]>
              </value>
            </param>
          </params>
          <reporter-output>
          </reporter-output>
        </test-method> <!-- tc_signup_and_register -->
        <test-method is-config="true" signature="tearDown()[pri:0, instance:com.myproject.tests.SignupRegistrationTest@64b0598]" started-at="2025-09-18T03:01:25 IST" name="tearDown" finished-at="2025-09-18T03:01:25 IST" duration-ms="186" status="PASS">
          <reporter-output>
          </reporter-output>
        </test-method> <!-- tearDown -->
      </class> <!-- com.myproject.tests.SignupRegistrationTest -->
    </test> <!-- SmokeTests -->
  </suite> <!-- AutomationExercise Suite -->
</testng-results>
