<?xml version="1.0" encoding="UTF-8"?>
<!-- Generated by org.testng.reporters.JUnitReportReporter -->
<testsuite hostname="LAPTOP-IT7JOLC2" failures="1" tests="16" name="com.myproject.tests.TestCasesPageUITest" time="580.185" errors="0" timestamp="2025-09-10T00:27:20 IST" skipped="0">
  <testcase classname="com.myproject.tests.TestCasesPageUITest" name="tc_mail_in_feedback" time="1.141"/>
  <testcase classname="com.myproject.tests.TestCasesPageUITest" name="tc_footer_copyright" time="1.183"/>
  <testcase classname="com.myproject.tests.TestCasesPageUITest" name="tc_home_icon" time="66.977"/>
  <testcase classname="com.myproject.tests.TestCasesPageUITest" name="tc_products_icon" time="305.163"/>
  <testcase classname="com.myproject.tests.TestCasesPageUITest" name="tc_all_26_testcase_titles_listed" time="3.290"/>
  <testcase classname="com.myproject.tests.TestCasesPageUITest" name="tc_heading_centered" time="2.606"/>
  <testcase classname="com.myproject.tests.TestCasesPageUITest" name="tc_testcases_icon" time="3.738"/>
  <testcase classname="com.myproject.tests.TestCasesPageUITest" name="tc_contactus_icon" time="12.581"/>
  <testcase classname="com.myproject.tests.TestCasesPageUITest" name="tc_api_icon" time="18.980"/>
  <testcase classname="com.myproject.tests.TestCasesPageUITest" name="tc_logo_displayed" time="1.432"/>
  <testcase classname="com.myproject.tests.TestCasesPageUITest" name="tc_each_title_clickable_navigates" time="8.863">
    <failure message="Test case titles should navigate (best-effort) expected [true] but found [false]" type="java.lang.AssertionError">
      <![CDATA[java.lang.AssertionError: Test case titles should navigate (best-effort) expected [true] but found [false]
at org.testng.Assert.fail(Assert.java:111)
at org.testng.Assert.failNotEquals(Assert.java:1578)
at org.testng.Assert.assertTrue(Assert.java:57)
at com.myproject.tests.TestCasesPageUITest.tc_each_title_clickable_navigates(TestCasesPageUITest.java:93)
at java.base/jdk.internal.reflect.DirectMethodHandleAccessor.invoke(DirectMethodHandleAccessor.java:103)
at java.base/java.lang.reflect.Method.invoke(Method.java:580)
at org.testng.internal.invokers.MethodInvocationHelper.invokeMethod(MethodInvocationHelper.java:139)
at org.testng.internal.invokers.TestInvoker.invokeMethod(TestInvoker.java:664)
at org.testng.internal.invokers.TestInvoker.invokeTestMethod(TestInvoker.java:227)
at org.testng.internal.invokers.MethodRunner.runInSequence(MethodRunner.java:50)
at org.testng.internal.invokers.TestInvoker$MethodInvocationAgent.invoke(TestInvoker.java:957)
at org.testng.internal.invokers.TestInvoker.invokeTestMethods(TestInvoker.java:200)
at org.testng.internal.invokers.TestMethodWorker.invokeTestMethods(TestMethodWorker.java:148)
at org.testng.internal.invokers.TestMethodWorker.run(TestMethodWorker.java:128)
at java.base/java.util.ArrayList.forEach(ArrayList.java:1596)
at org.testng.TestRunner.privateRun(TestRunner.java:848)
at org.testng.TestRunner.run(TestRunner.java:621)
at org.testng.SuiteRunner.runTest(SuiteRunner.java:443)
at org.testng.SuiteRunner.runSequentially(SuiteRunner.java:437)
at org.testng.SuiteRunner.privateRun(SuiteRunner.java:397)
at org.testng.SuiteRunner.run(SuiteRunner.java:336)
at org.testng.SuiteRunnerWorker.runSuite(SuiteRunnerWorker.java:52)
at org.testng.SuiteRunnerWorker.run(SuiteRunnerWorker.java:95)
at org.testng.TestNG.runSuitesSequentially(TestNG.java:1280)
at org.testng.TestNG.runSuitesLocally(TestNG.java:1200)
at org.testng.TestNG.runSuites(TestNG.java:1114)
at org.testng.TestNG.run(TestNG.java:1082)
at org.testng.remote.AbstractRemoteTestNG.run(AbstractRemoteTestNG.java:115)
at org.testng.remote.RemoteTestNG.initAndRun(RemoteTestNG.java:293)
at org.testng.remote.RemoteTestNG.main(RemoteTestNG.java:91)
]]>
    </failure>
  </testcase> <!-- tc_each_title_clickable_navigates -->
  <testcase classname="com.myproject.tests.TestCasesPageUITest" name="tc_scroll_up_button" time="4.191"/>
  <testcase classname="com.myproject.tests.TestCasesPageUITest" name="tc_cart_icon" time="4.595"/>
  <testcase classname="com.myproject.tests.TestCasesPageUITest" name="tc_feedback_section_displayed" time="3.887"/>
  <testcase classname="com.myproject.tests.TestCasesPageUITest" name="tc_videos_icon" time="133.376"/>
  <testcase classname="com.myproject.tests.TestCasesPageUITest" name="tc_signup_icon" time="8.182"/>
</testsuite> <!-- com.myproject.tests.TestCasesPageUITest -->
